<?xml version="1.0" encoding="UTF-8"?>
<!-- Generated by org.testng.reporters.JUnitXMLReporter -->
<testsuite hostname="sathish" ignored="2" name="Default test(failed)" tests="1" failures="1" timestamp="01 Feb 2020 10:57:30 GMT" time="0.126" errors="0">
  <testcase name="tc3" time="0.048" classname="org.firsttestNGUsingMaven.A">
    <failure type="java.lang.AssertionError">
      <![CDATA[java.lang.AssertionError
at org.junit.Assert.fail(Assert.java:86)
at org.junit.Assert.assertTrue(Assert.java:41)
at org.junit.Assert.assertTrue(Assert.java:52)
at org.firsttestNGUsingMaven.A.tc3(A.java:22)
... Removed 25 stack frames]]>
    </failure>
  </testcase> <!-- tc3 -->
  <testcase name="tc1" time="0.0" classname="org.firsttestNGUsingMaven.A">
    <ignored/>
  </testcase> <!-- tc1 -->
  <testcase name="tc2" time="0.0" classname="org.firsttestNGUsingMaven.A">
    <ignored/>
  </testcase> <!-- tc2 -->
</testsuite> <!-- Default test(failed) -->
