<?xml version="1.0" encoding="UTF-8"?>
<!-- Generated by org.testng.reporters.JUnitXMLReporter -->
<testsuite hostname="sathish" ignored="0" name="test" tests="6" failures="1" timestamp="06 Feb 2020 12:00:23 GMT" time="121.536" errors="0">
  <testcase name="testCase1" time="15.99" classname="IAnnotationTransformer.ClassContatiningTestCases">
    <skipped/>
  </testcase> <!-- testCase1 -->
  <testcase name="testCase1" time="18.126" classname="IAnnotationTransformer.ClassContatiningTestCases">
    <skipped/>
  </testcase> <!-- testCase1 -->
  <testcase name="testCase1" time="19.737" classname="IAnnotationTransformer.ClassContatiningTestCases">
    <skipped/>
  </testcase> <!-- testCase1 -->
  <testcase name="testCase1" time="21.44" classname="IAnnotationTransformer.ClassContatiningTestCases">
    <skipped/>
  </testcase> <!-- testCase1 -->
  <testcase name="testCase1" time="21.051" classname="IAnnotationTransformer.ClassContatiningTestCases">
    <skipped/>
  </testcase> <!-- testCase1 -->
  <testcase name="testCase1" time="25.154" classname="IAnnotationTransformer.ClassContatiningTestCases">
    <failure type="java.lang.AssertionError" message="expected [true] but found [false]">
      <![CDATA[java.lang.AssertionError: expected [true] but found [false]
at IAnnotationTransformer.ClassContatiningTestCases.testCase1(ClassContatiningTestCases.java:41)
... Removed 29 stack frames]]>
    </failure>
  </testcase> <!-- testCase1 -->
</testsuite> <!-- test -->
